==18794== Memcheck, a memory error detector
==18794== Copyright (C) 2002-2017, and GNU GPL'd, by Julian Seward et al.
==18794== Using Valgrind-3.18.1 and LibVEX; rerun with -h for copyright info
==18794== Command: ./bin/53shell
==18794== Parent PID: 16543
==18794== 
==18794== 
==18794== HEAP SUMMARY:
==18794==     in use at exit: 204,159 bytes in 221 blocks
==18794==   total heap usage: 469 allocs, 248 frees, 259,120 bytes allocated
==18794== 
==18794== LEAK SUMMARY:
==18794==    definitely lost: 0 bytes in 0 blocks
==18794==    indirectly lost: 0 bytes in 0 blocks
==18794==      possibly lost: 0 bytes in 0 blocks
==18794==    still reachable: 204,159 bytes in 221 blocks
==18794==         suppressed: 0 bytes in 0 blocks
==18794== Rerun with --leak-check=full to see details of leaked memory
==18794== 
==18794== For lists of detected and suppressed errors, rerun with: -s
==18794== ERROR SUMMARY: 0 errors from 0 contexts (suppressed: 0 from 0)
